Analysis & Synthesis report for lights
Tue Nov 23 08:21:31 2021
Quartus II Version 11.0 Build 208 07/03/2011 Service Pack 1 SJ Web Edition


---------------------
; Table of Contents ;
---------------------
  1. Legal Notice
  2. Analysis & Synthesis Summary
  3. Analysis & Synthesis Settings
  4. Parallel Compilation
  5. Analysis & Synthesis Messages



----------------
; Legal Notice ;
----------------
Copyright (C) 1991-2011 Altera Corporation
Your use of Altera Corporation's design tools, logic functions 
and other software and tools, and its AMPP partner logic 
functions, and any output files from any of the foregoing 
(including device programming or simulation files), and any 
associated documentation or information are expressly subject 
to the terms and conditions of the Altera Program License 
Subscription Agreement, Altera MegaCore Function License 
Agreement, or other applicable license agreement, including, 
without limitation, that your use is for the sole purpose of 
programming logic devices manufactured by Altera and sold by 
Altera or its authorized distributors.  Please refer to the 
applicable agreement for further details.



+------------------------------------------------------------------------------------+
; Analysis & Synthesis Summary                                                       ;
+------------------------------------+-----------------------------------------------+
; Analysis & Synthesis Status        ; Failed - Tue Nov 23 08:21:31 2021             ;
; Quartus II Version                 ; 11.0 Build 208 07/03/2011 SP 1 SJ Web Edition ;
; Revision Name                      ; lights                                        ;
; Top-level Entity Name              ; lights                                        ;
; Family                             ; Cyclone IV E                                  ;
; Total logic elements               ; N/A until Partition Merge                     ;
;     Total combinational functions  ; N/A until Partition Merge                     ;
;     Dedicated logic registers      ; N/A until Partition Merge                     ;
; Total registers                    ; N/A until Partition Merge                     ;
; Total pins                         ; N/A until Partition Merge                     ;
; Total virtual pins                 ; N/A until Partition Merge                     ;
; Total memory bits                  ; N/A until Partition Merge                     ;
; Embedded Multiplier 9-bit elements ; N/A until Partition Merge                     ;
; Total PLLs                         ; N/A until Partition Merge                     ;
+------------------------------------+-----------------------------------------------+


+----------------------------------------------------------------------------------------------------------------------+
; Analysis & Synthesis Settings                                                                                        ;
+----------------------------------------------------------------------------+--------------------+--------------------+
; Option                                                                     ; Setting            ; Default Value      ;
+----------------------------------------------------------------------------+--------------------+--------------------+
; Device                                                                     ; EP4CE22F17C6       ;                    ;
; Top-level entity name                                                      ; lights             ; lights             ;
; Family name                                                                ; Cyclone IV E       ; Cyclone IV GX      ;
; Use smart compilation                                                      ; Off                ; Off                ;
; Enable parallel Assembler and TimeQuest Timing Analyzer during compilation ; On                 ; On                 ;
; Enable compact report table                                                ; Off                ; Off                ;
; Restructure Multiplexers                                                   ; Auto               ; Auto               ;
; Create Debugging Nodes for IP Cores                                        ; Off                ; Off                ;
; Preserve fewer node names                                                  ; On                 ; On                 ;
; Disable OpenCore Plus hardware evaluation                                  ; Off                ; Off                ;
; Verilog Version                                                            ; Verilog_2001       ; Verilog_2001       ;
; VHDL Version                                                               ; VHDL_1993          ; VHDL_1993          ;
; State Machine Processing                                                   ; Auto               ; Auto               ;
; Safe State Machine                                                         ; Off                ; Off                ;
; Extract Verilog State Machines                                             ; On                 ; On                 ;
; Extract VHDL State Machines                                                ; On                 ; On                 ;
; Ignore Verilog initial constructs                                          ; Off                ; Off                ;
; Iteration limit for constant Verilog loops                                 ; 5000               ; 5000               ;
; Iteration limit for non-constant Verilog loops                             ; 250                ; 250                ;
; Add Pass-Through Logic to Inferred RAMs                                    ; On                 ; On                 ;
; Parallel Synthesis                                                         ; On                 ; On                 ;
; DSP Block Balancing                                                        ; Auto               ; Auto               ;
; NOT Gate Push-Back                                                         ; On                 ; On                 ;
; Power-Up Don't Care                                                        ; On                 ; On                 ;
; Remove Redundant Logic Cells                                               ; Off                ; Off                ;
; Remove Duplicate Registers                                                 ; On                 ; On                 ;
; Ignore CARRY Buffers                                                       ; Off                ; Off                ;
; Ignore CASCADE Buffers                                                     ; Off                ; Off                ;
; Ignore GLOBAL Buffers                                                      ; Off                ; Off                ;
; Ignore ROW GLOBAL Buffers                                                  ; Off                ; Off                ;
; Ignore LCELL Buffers                                                       ; Off                ; Off                ;
; Ignore SOFT Buffers                                                        ; On                 ; On                 ;
; Limit AHDL Integers to 32 Bits                                             ; Off                ; Off                ;
; Optimization Technique                                                     ; Balanced           ; Balanced           ;
; Carry Chain Length                                                         ; 70                 ; 70                 ;
; Auto Carry Chains                                                          ; On                 ; On                 ;
; Auto Open-Drain Pins                                                       ; On                 ; On                 ;
; Perform WYSIWYG Primitive Resynthesis                                      ; Off                ; Off                ;
; Auto ROM Replacement                                                       ; On                 ; On                 ;
; Auto RAM Replacement                                                       ; On                 ; On                 ;
; Auto DSP Block Replacement                                                 ; On                 ; On                 ;
; Auto Shift Register Replacement                                            ; Auto               ; Auto               ;
; Allow Shift Register Merging across Hierarchies                            ; Auto               ; Auto               ;
; Auto Clock Enable Replacement                                              ; On                 ; On                 ;
; Strict RAM Replacement                                                     ; Off                ; Off                ;
; Allow Synchronous Control Signals                                          ; On                 ; On                 ;
; Force Use of Synchronous Clear Signals                                     ; Off                ; Off                ;
; Auto RAM Block Balancing                                                   ; On                 ; On                 ;
; Auto RAM to Logic Cell Conversion                                          ; Off                ; Off                ;
; Auto Resource Sharing                                                      ; Off                ; Off                ;
; Allow Any RAM Size For Recognition                                         ; Off                ; Off                ;
; Allow Any ROM Size For Recognition                                         ; Off                ; Off                ;
; Allow Any Shift Register Size For Recognition                              ; Off                ; Off                ;
; Use LogicLock Constraints during Resource Balancing                        ; On                 ; On                 ;
; Ignore translate_off and synthesis_off directives                          ; Off                ; Off                ;
; Timing-Driven Synthesis                                                    ; On                 ; On                 ;
; Report Parameter Settings                                                  ; On                 ; On                 ;
; Report Source Assignments                                                  ; On                 ; On                 ;
; Report Connectivity Checks                                                 ; On                 ; On                 ;
; Ignore Maximum Fan-Out Assignments                                         ; Off                ; Off                ;
; Synchronization Register Chain Length                                      ; 2                  ; 2                  ;
; PowerPlay Power Optimization                                               ; Normal compilation ; Normal compilation ;
; HDL message level                                                          ; Level2             ; Level2             ;
; Suppress Register Optimization Related Messages                            ; Off                ; Off                ;
; Number of Removed Registers Reported in Synthesis Report                   ; 5000               ; 5000               ;
; Number of Inverted Registers Reported in Synthesis Report                  ; 100                ; 100                ;
; Clock MUX Protection                                                       ; On                 ; On                 ;
; Auto Gated Clock Conversion                                                ; Off                ; Off                ;
; Block Design Naming                                                        ; Auto               ; Auto               ;
; SDC constraint protection                                                  ; Off                ; Off                ;
; Synthesis Effort                                                           ; Auto               ; Auto               ;
; Shift Register Replacement - Allow Asynchronous Clear Signal               ; On                 ; On                 ;
; Analysis & Synthesis Message Level                                         ; Medium             ; Medium             ;
; Disable Register Merging Across Hierarchies                                ; Auto               ; Auto               ;
; Resource Aware Inference For Block RAM                                     ; On                 ; On                 ;
; Synthesis Seed                                                             ; 1                  ; 1                  ;
+----------------------------------------------------------------------------+--------------------+--------------------+


Parallel compilation was disabled, but you have multiple processors available. Enable parallel compilation to reduce compilation time.
+-------------------------------------+
; Parallel Compilation                ;
+----------------------------+--------+
; Processors                 ; Number ;
+----------------------------+--------+
; Number detected on machine ; 4      ;
; Maximum allowed            ; 1      ;
+----------------------------+--------+


+-------------------------------+
; Analysis & Synthesis Messages ;
+-------------------------------+
Info: *******************************************************************
Info: Running Quartus II Analysis & Synthesis
    Info: Version 11.0 Build 208 07/03/2011 Service Pack 1 SJ Web Edition
    Info: Processing started: Tue Nov 23 08:21:25 2021
Info: Command: quartus_map --read_settings_files=on --write_settings_files=off lights -c lights
Warning: Parallel compilation is not licensed and has been disabled
Warning: Can't analyze file -- file ../../SOPC_PWM/PWM.vhd is missing
Info: Found 2 design units, including 1 entities, in source file pwm_0.vhd
    Info: Found design unit 1: PWM_0-rtl
    Info: Found entity 1: PWM_0
Info: Found 1 design units, including 1 entities, in source file lights.bdf
    Info: Found entity 1: lights
Warning: Can't analyze file -- file ../../SOPC_PWM/Avalon_PWM.vhd is missing
Info: Found 2 design units, including 1 entities, in source file pwm_0_0.vhd
    Info: Found design unit 1: PWM_0_0-rtl
    Info: Found entity 1: PWM_0_0
Info: Elaborating entity "lights" for the top level hierarchy
Warning: Using design file nios_system.vhd, which is not specified as a design file for the current project, but contains definitions for 20 design units and 10 entities in project
    Info: Found design unit 1: LEDs_s1_arbitrator-europa
    Info: Found design unit 2: PWM_0_avalon_slave_0_arbitrator-europa
    Info: Found design unit 3: Switches_s1_arbitrator-europa
    Info: Found design unit 4: cpu_0_jtag_debug_module_arbitrator-europa
    Info: Found design unit 5: cpu_0_data_master_arbitrator-europa
    Info: Found design unit 6: cpu_0_instruction_master_arbitrator-europa
    Info: Found design unit 7: jtag_uart_0_avalon_jtag_slave_arbitrator-europa
    Info: Found design unit 8: onchip_memory2_0_s1_arbitrator-europa
    Info: Found design unit 9: nios_system_reset_clk_0_domain_synch_module-europa
    Info: Found design unit 10: nios_system-europa
    Info: Found entity 1: LEDs_s1_arbitrator
    Info: Found entity 2: PWM_0_avalon_slave_0_arbitrator
    Info: Found entity 3: Switches_s1_arbitrator
    Info: Found entity 4: cpu_0_jtag_debug_module_arbitrator
    Info: Found entity 5: cpu_0_data_master_arbitrator
    Info: Found entity 6: cpu_0_instruction_master_arbitrator
    Info: Found entity 7: jtag_uart_0_avalon_jtag_slave_arbitrator
    Info: Found entity 8: onchip_memory2_0_s1_arbitrator
    Info: Found entity 9: nios_system_reset_clk_0_domain_synch_module
    Info: Found entity 10: nios_system
Info: Elaborating entity "nios_system" for hierarchy "nios_system:inst"
Info: Elaborating entity "LEDs_s1_arbitrator" for hierarchy "nios_system:inst|LEDs_s1_arbitrator:the_LEDs_s1"
Warning (10541): VHDL Signal Declaration warning at nios_system.vhd(52): used implicit default value for signal "cpu_0_data_master_read_data_valid_LEDs_s1" because signal was never assigned a value or an explicit default value. Use of implicit default value may introduce unintended design optimizations.
Warning (10542): VHDL Variable Declaration warning at altera_europa_support_lib.vhd(350): used initial value expression for variable "arg_copy" because variable was never assigned a value
Warning (10542): VHDL Variable Declaration warning at altera_europa_support_lib.vhd(354): used initial value expression for variable "arg_length" because variable was never assigned a value
Warning: Using design file leds.vhd, which is not specified as a design file for the current project, but contains definitions for 2 design units and 1 entities in project
    Info: Found design unit 1: LEDs-europa
    Info: Found entity 1: LEDs
Info: Elaborating entity "LEDs" for hierarchy "nios_system:inst|LEDs:the_LEDs"
Warning (10542): VHDL Variable Declaration warning at altera_europa_support_lib.vhd(350): used initial value expression for variable "arg_copy" because variable was never assigned a value
Warning (10542): VHDL Variable Declaration warning at altera_europa_support_lib.vhd(354): used initial value expression for variable "arg_length" because variable was never assigned a value
Info: Elaborating entity "PWM_0_avalon_slave_0_arbitrator" for hierarchy "nios_system:inst|PWM_0_avalon_slave_0_arbitrator:the_PWM_0_avalon_slave_0"
Warning (10541): VHDL Signal Declaration warning at nios_system.vhd(287): used implicit default value for signal "cpu_0_data_master_read_data_valid_PWM_0_avalon_slave_0" because signal was never assigned a value or an explicit default value. Use of implicit default value may introduce unintended design optimizations.
Warning (10542): VHDL Variable Declaration warning at altera_europa_support_lib.vhd(350): used initial value expression for variable "arg_copy" because variable was never assigned a value
Warning (10542): VHDL Variable Declaration warning at altera_europa_support_lib.vhd(354): used initial value expression for variable "arg_length" because variable was never assigned a value
Info: Elaborating entity "PWM_0" for hierarchy "nios_system:inst|PWM_0:the_PWM_0"
Info: Elaborating entity "Switches_s1_arbitrator" for hierarchy "nios_system:inst|Switches_s1_arbitrator:the_Switches_s1"
Warning (10541): VHDL Signal Declaration warning at nios_system.vhd(517): used implicit default value for signal "cpu_0_data_master_read_data_valid_Switches_s1" because signal was never assigned a value or an explicit default value. Use of implicit default value may introduce unintended design optimizations.
Warning (10542): VHDL Variable Declaration warning at altera_europa_support_lib.vhd(350): used initial value expression for variable "arg_copy" because variable was never assigned a value
Warning (10542): VHDL Variable Declaration warning at altera_europa_support_lib.vhd(354): used initial value expression for variable "arg_length" because variable was never assigned a value
Warning: Using design file switches.vhd, which is not specified as a design file for the current project, but contains definitions for 2 design units and 1 entities in project
    Info: Found design unit 1: Switches-europa
    Info: Found entity 1: Switches
Info: Elaborating entity "Switches" for hierarchy "nios_system:inst|Switches:the_Switches"
Warning (10542): VHDL Variable Declaration warning at altera_europa_support_lib.vhd(350): used initial value expression for variable "arg_copy" because variable was never assigned a value
Warning (10542): VHDL Variable Declaration warning at altera_europa_support_lib.vhd(354): used initial value expression for variable "arg_length" because variable was never assigned a value
Info: Elaborating entity "cpu_0_jtag_debug_module_arbitrator" for hierarchy "nios_system:inst|cpu_0_jtag_debug_module_arbitrator:the_cpu_0_jtag_debug_module"
Warning (10541): VHDL Signal Declaration warning at nios_system.vhd(749): used implicit default value for signal "cpu_0_data_master_read_data_valid_cpu_0_jtag_debug_module" because signal was never assigned a value or an explicit default value. Use of implicit default value may introduce unintended design optimizations.
Warning (10541): VHDL Signal Declaration warning at nios_system.vhd(753): used implicit default value for signal "cpu_0_instruction_master_read_data_valid_cpu_0_jtag_debug_module" because signal was never assigned a value or an explicit default value. Use of implicit default value may introduce unintended design optimizations.
Warning (10542): VHDL Variable Declaration warning at altera_europa_support_lib.vhd(350): used initial value expression for variable "arg_copy" because variable was never assigned a value
Warning (10542): VHDL Variable Declaration warning at altera_europa_support_lib.vhd(354): used initial value expression for variable "arg_length" because variable was never assigned a value
Info: Elaborating entity "cpu_0_data_master_arbitrator" for hierarchy "nios_system:inst|cpu_0_data_master_arbitrator:the_cpu_0_data_master"
Info: Elaborating entity "cpu_0_instruction_master_arbitrator" for hierarchy "nios_system:inst|cpu_0_instruction_master_arbitrator:the_cpu_0_instruction_master"
Warning: Using design file cpu_0.vhd, which is not specified as a design file for the current project, but contains definitions for 44 design units and 22 entities in project
    Info: Found design unit 1: cpu_0_register_bank_a_module-europa
    Info: Found design unit 2: cpu_0_register_bank_b_module-europa
    Info: Found design unit 3: cpu_0_nios2_oci_debug-europa
    Info: Found design unit 4: cpu_0_ociram_lpm_dram_bdp_component_module-europa
    Info: Found design unit 5: cpu_0_nios2_ocimem-europa
    Info: Found design unit 6: cpu_0_nios2_avalon_reg-europa
    Info: Found design unit 7: cpu_0_nios2_oci_break-europa
    Info: Found design unit 8: cpu_0_nios2_oci_xbrk-europa
    Info: Found design unit 9: cpu_0_nios2_oci_dbrk-europa
    Info: Found design unit 10: cpu_0_nios2_oci_itrace-europa
    Info: Found design unit 11: cpu_0_nios2_oci_td_mode-europa
    Info: Found design unit 12: cpu_0_nios2_oci_dtrace-europa
    Info: Found design unit 13: cpu_0_nios2_oci_compute_tm_count-europa
    Info: Found design unit 14: cpu_0_nios2_oci_fifowp_inc-europa
    Info: Found design unit 15: cpu_0_nios2_oci_fifocount_inc-europa
    Info: Found design unit 16: cpu_0_nios2_oci_fifo-europa
    Info: Found design unit 17: cpu_0_nios2_oci_pib-europa
    Info: Found design unit 18: cpu_0_traceram_lpm_dram_bdp_component_module-europa
    Info: Found design unit 19: cpu_0_nios2_oci_im-europa
    Info: Found design unit 20: cpu_0_nios2_performance_monitors-europa
    Info: Found design unit 21: cpu_0_nios2_oci-europa
    Info: Found design unit 22: cpu_0-europa
    Info: Found entity 1: cpu_0_register_bank_a_module
    Info: Found entity 2: cpu_0_register_bank_b_module
    Info: Found entity 3: cpu_0_nios2_oci_debug
    Info: Found entity 4: cpu_0_ociram_lpm_dram_bdp_component_module
    Info: Found entity 5: cpu_0_nios2_ocimem
    Info: Found entity 6: cpu_0_nios2_avalon_reg
    Info: Found entity 7: cpu_0_nios2_oci_break
    Info: Found entity 8: cpu_0_nios2_oci_xbrk
    Info: Found entity 9: cpu_0_nios2_oci_dbrk
    Info: Found entity 10: cpu_0_nios2_oci_itrace
    Info: Found entity 11: cpu_0_nios2_oci_td_mode
    Info: Found entity 12: cpu_0_nios2_oci_dtrace
    Info: Found entity 13: cpu_0_nios2_oci_compute_tm_count
    Info: Found entity 14: cpu_0_nios2_oci_fifowp_inc
    Info: Found entity 15: cpu_0_nios2_oci_fifocount_inc
    Info: Found entity 16: cpu_0_nios2_oci_fifo
    Info: Found entity 17: cpu_0_nios2_oci_pib
    Info: Found entity 18: cpu_0_traceram_lpm_dram_bdp_component_module
    Info: Found entity 19: cpu_0_nios2_oci_im
    Info: Found entity 20: cpu_0_nios2_performance_monitors
    Info: Found entity 21: cpu_0_nios2_oci
    Info: Found entity 22: cpu_0
Info: Elaborating entity "cpu_0" for hierarchy "nios_system:inst|cpu_0:the_cpu_0"
Warning (10541): VHDL Signal Declaration warning at cpu_0.vhd(4294): used implicit default value for signal "W_vinst" because signal was never assigned a value or an explicit default value. Use of implicit default value may introduce unintended design optimizations.
Warning (10541): VHDL Signal Declaration warning at cpu_0.vhd(4345): used implicit default value for signal "test_ending" because signal was never assigned a value or an explicit default value. Use of implicit default value may introduce unintended design optimizations.
Warning (10542): VHDL Variable Declaration warning at altera_europa_support_lib.vhd(350): used initial value expression for variable "arg_copy" because variable was never assigned a value
Warning (10542): VHDL Variable Declaration warning at altera_europa_support_lib.vhd(354): used initial value expression for variable "arg_length" because variable was never assigned a value
Warning: Using design file cpu_0_test_bench.vhd, which is not specified as a design file for the current project, but contains definitions for 2 design units and 1 entities in project
    Info: Found design unit 1: cpu_0_test_bench-europa
    Info: Found entity 1: cpu_0_test_bench
Info: Elaborating entity "cpu_0_test_bench" for hierarchy "nios_system:inst|cpu_0:the_cpu_0|cpu_0_test_bench:the_cpu_0_test_bench"
Info: Elaborating entity "cpu_0_register_bank_a_module" for hierarchy "nios_system:inst|cpu_0:the_cpu_0|cpu_0_register_bank_a_module:cpu_0_register_bank_a"
Info: Elaborating entity "altsyncram" for hierarchy "nios_system:inst|cpu_0:the_cpu_0|cpu_0_register_bank_a_module:cpu_0_register_bank_a|altsyncram:the_altsyncram"
Info: Elaborated megafunction instantiation "nios_system:inst|cpu_0:the_cpu_0|cpu_0_register_bank_a_module:cpu_0_register_bank_a|altsyncram:the_altsyncram"
Info: Instantiated megafunction "nios_system:inst|cpu_0:the_cpu_0|cpu_0_register_bank_a_module:cpu_0_register_bank_a|altsyncram:the_altsyncram" with the following parameter:
    Info: Parameter "address_reg_b" = "CLOCK0"
    Info: Parameter "init_file" = "cpu_0_rf_ram_a.mif"
    Info: Parameter "maximum_depth" = "0"
    Info: Parameter "numwords_a" = "32"
    Info: Parameter "numwords_b" = "32"
    Info: Parameter "operation_mode" = "DUAL_PORT"
    Info: Parameter "outdata_reg_b" = "UNREGISTERED"
    Info: Parameter "ram_block_type" = "AUTO"
    Info: Parameter "rdcontrol_reg_b" = "CLOCK0"
    Info: Parameter "read_during_write_mode_mixed_ports" = "DONT_CARE"
    Info: Parameter "width_a" = "32"
    Info: Parameter "width_b" = "32"
    Info: Parameter "widthad_a" = "5"
    Info: Parameter "widthad_b" = "5"
Info: Found 1 design units, including 1 entities, in source file db/altsyncram_hff1.tdf
    Info: Found entity 1: altsyncram_hff1
Info: Elaborating entity "altsyncram_hff1" for hierarchy "nios_system:inst|cpu_0:the_cpu_0|cpu_0_register_bank_a_module:cpu_0_register_bank_a|altsyncram:the_altsyncram|altsyncram_hff1:auto_generated"
Info: Elaborating entity "cpu_0_register_bank_b_module" for hierarchy "nios_system:inst|cpu_0:the_cpu_0|cpu_0_register_bank_b_module:cpu_0_register_bank_b"
Info: Elaborating entity "altsyncram" for hierarchy "nios_system:inst|cpu_0:the_cpu_0|cpu_0_register_bank_b_module:cpu_0_register_bank_b|altsyncram:the_altsyncram"
Info: Elaborated megafunction instantiation "nios_system:inst|cpu_0:the_cpu_0|cpu_0_register_bank_b_module:cpu_0_register_bank_b|altsyncram:the_altsyncram"
Info: Instantiated megafunction "nios_system:inst|cpu_0:the_cpu_0|cpu_0_register_bank_b_module:cpu_0_register_bank_b|altsyncram:the_altsyncram" with the following parameter:
    Info: Parameter "address_reg_b" = "CLOCK0"
    Info: Parameter "init_file" = "cpu_0_rf_ram_b.mif"
    Info: Parameter "maximum_depth" = "0"
    Info: Parameter "numwords_a" = "32"
    Info: Parameter "numwords_b" = "32"
    Info: Parameter "operation_mode" = "DUAL_PORT"
    Info: Parameter "outdata_reg_b" = "UNREGISTERED"
    Info: Parameter "ram_block_type" = "AUTO"
    Info: Parameter "rdcontrol_reg_b" = "CLOCK0"
    Info: Parameter "read_during_write_mode_mixed_ports" = "DONT_CARE"
    Info: Parameter "width_a" = "32"
    Info: Parameter "width_b" = "32"
    Info: Parameter "widthad_a" = "5"
    Info: Parameter "widthad_b" = "5"
Info: Found 1 design units, including 1 entities, in source file db/altsyncram_iff1.tdf
    Info: Found entity 1: altsyncram_iff1
Info: Elaborating entity "altsyncram_iff1" for hierarchy "nios_system:inst|cpu_0:the_cpu_0|cpu_0_register_bank_b_module:cpu_0_register_bank_b|altsyncram:the_altsyncram|altsyncram_iff1:auto_generated"
Info: Elaborating entity "cpu_0_nios2_oci" for hierarchy "nios_system:inst|cpu_0:the_cpu_0|cpu_0_nios2_oci:the_cpu_0_nios2_oci"
Info: Elaborating entity "cpu_0_nios2_oci_debug" for hierarchy "nios_system:inst|cpu_0:the_cpu_0|cpu_0_nios2_oci:the_cpu_0_nios2_oci|cpu_0_nios2_oci_debug:the_cpu_0_nios2_oci_debug"
Info: Elaborating entity "cpu_0_nios2_ocimem" for hierarchy "nios_system:inst|cpu_0:the_cpu_0|cpu_0_nios2_oci:the_cpu_0_nios2_oci|cpu_0_nios2_ocimem:the_cpu_0_nios2_ocimem"
Warning (10542): VHDL Variable Declaration warning at altera_europa_support_lib.vhd(350): used initial value expression for variable "arg_copy" because variable was never assigned a value
Warning (10542): VHDL Variable Declaration warning at altera_europa_support_lib.vhd(354): used initial value expression for variable "arg_length" because variable was never assigned a value
Info: Elaborating entity "cpu_0_ociram_lpm_dram_bdp_component_module" for hierarchy "nios_system:inst|cpu_0:the_cpu_0|cpu_0_nios2_oci:the_cpu_0_nios2_oci|cpu_0_nios2_ocimem:the_cpu_0_nios2_ocimem|cpu_0_ociram_lpm_dram_bdp_component_module:cpu_0_ociram_lpm_dram_bdp_component"
Info: Elaborating entity "altsyncram" for hierarchy "nios_system:inst|cpu_0:the_cpu_0|cpu_0_nios2_oci:the_cpu_0_nios2_oci|cpu_0_nios2_ocimem:the_cpu_0_nios2_ocimem|cpu_0_ociram_lpm_dram_bdp_component_module:cpu_0_ociram_lpm_dram_bdp_component|altsyncram:the_altsyncram"
Info: Elaborated megafunction instantiation "nios_system:inst|cpu_0:the_cpu_0|cpu_0_nios2_oci:the_cpu_0_nios2_oci|cpu_0_nios2_ocimem:the_cpu_0_nios2_ocimem|cpu_0_ociram_lpm_dram_bdp_component_module:cpu_0_ociram_lpm_dram_bdp_component|altsyncram:the_altsyncram"
Info: Instantiated megafunction "nios_system:inst|cpu_0:the_cpu_0|cpu_0_nios2_oci:the_cpu_0_nios2_oci|cpu_0_nios2_ocimem:the_cpu_0_nios2_ocimem|cpu_0_ociram_lpm_dram_bdp_component_module:cpu_0_ociram_lpm_dram_bdp_component|altsyncram:the_altsyncram" with the following parameter:
    Info: Parameter "address_aclr_a" = "NONE"
    Info: Parameter "address_aclr_b" = "NONE"
    Info: Parameter "address_reg_b" = "CLOCK1"
    Info: Parameter "indata_aclr_a" = "NONE"
    Info: Parameter "indata_aclr_b" = "NONE"
    Info: Parameter "init_file" = "cpu_0_ociram_default_contents.mif"
    Info: Parameter "intended_device_family" = "CYCLONEIVE"
    Info: Parameter "lpm_type" = "altsyncram"
    Info: Parameter "numwords_a" = "256"
    Info: Parameter "numwords_b" = "256"
    Info: Parameter "operation_mode" = "BIDIR_DUAL_PORT"
    Info: Parameter "outdata_aclr_a" = "NONE"
    Info: Parameter "outdata_aclr_b" = "NONE"
    Info: Parameter "outdata_reg_a" = "UNREGISTERED"
    Info: Parameter "outdata_reg_b" = "UNREGISTERED"
    Info: Parameter "ram_block_type" = "AUTO"
    Info: Parameter "read_during_write_mode_mixed_ports" = "OLD_DATA"
    Info: Parameter "width_a" = "32"
    Info: Parameter "width_b" = "32"
    Info: Parameter "width_byteena_a" = "4"
    Info: Parameter "widthad_a" = "8"
    Info: Parameter "widthad_b" = "8"
    Info: Parameter "wrcontrol_aclr_a" = "NONE"
    Info: Parameter "wrcontrol_aclr_b" = "NONE"
Info: Found 1 design units, including 1 entities, in source file db/altsyncram_u972.tdf
    Info: Found entity 1: altsyncram_u972
Info: Elaborating entity "altsyncram_u972" for hierarchy "nios_system:inst|cpu_0:the_cpu_0|cpu_0_nios2_oci:the_cpu_0_nios2_oci|cpu_0_nios2_ocimem:the_cpu_0_nios2_ocimem|cpu_0_ociram_lpm_dram_bdp_component_module:cpu_0_ociram_lpm_dram_bdp_component|altsyncram:the_altsyncram|altsyncram_u972:auto_generated"
Info: Elaborating entity "cpu_0_nios2_avalon_reg" for hierarchy "nios_system:inst|cpu_0:the_cpu_0|cpu_0_nios2_oci:the_cpu_0_nios2_oci|cpu_0_nios2_avalon_reg:the_cpu_0_nios2_avalon_reg"
Info: Elaborating entity "cpu_0_nios2_oci_break" for hierarchy "nios_system:inst|cpu_0:the_cpu_0|cpu_0_nios2_oci:the_cpu_0_nios2_oci|cpu_0_nios2_oci_break:the_cpu_0_nios2_oci_break"
Info: Elaborating entity "cpu_0_nios2_oci_xbrk" for hierarchy "nios_system:inst|cpu_0:the_cpu_0|cpu_0_nios2_oci:the_cpu_0_nios2_oci|cpu_0_nios2_oci_xbrk:the_cpu_0_nios2_oci_xbrk"
Info: Elaborating entity "cpu_0_nios2_oci_dbrk" for hierarchy "nios_system:inst|cpu_0:the_cpu_0|cpu_0_nios2_oci:the_cpu_0_nios2_oci|cpu_0_nios2_oci_dbrk:the_cpu_0_nios2_oci_dbrk"
Info: Elaborating entity "cpu_0_nios2_oci_itrace" for hierarchy "nios_system:inst|cpu_0:the_cpu_0|cpu_0_nios2_oci:the_cpu_0_nios2_oci|cpu_0_nios2_oci_itrace:the_cpu_0_nios2_oci_itrace"
Warning (10542): VHDL Variable Declaration warning at altera_europa_support_lib.vhd(350): used initial value expression for variable "arg_copy" because variable was never assigned a value
Warning (10542): VHDL Variable Declaration warning at altera_europa_support_lib.vhd(354): used initial value expression for variable "arg_length" because variable was never assigned a value
Info: Elaborating entity "cpu_0_nios2_oci_dtrace" for hierarchy "nios_system:inst|cpu_0:the_cpu_0|cpu_0_nios2_oci:the_cpu_0_nios2_oci|cpu_0_nios2_oci_dtrace:the_cpu_0_nios2_oci_dtrace"
Info: Elaborating entity "cpu_0_nios2_oci_td_mode" for hierarchy "nios_system:inst|cpu_0:the_cpu_0|cpu_0_nios2_oci:the_cpu_0_nios2_oci|cpu_0_nios2_oci_dtrace:the_cpu_0_nios2_oci_dtrace|cpu_0_nios2_oci_td_mode:cpu_0_nios2_oci_trc_ctrl_td_mode"
Info: Elaborating entity "cpu_0_nios2_oci_fifo" for hierarchy "nios_system:inst|cpu_0:the_cpu_0|cpu_0_nios2_oci:the_cpu_0_nios2_oci|cpu_0_nios2_oci_fifo:the_cpu_0_nios2_oci_fifo"
Warning (10542): VHDL Variable Declaration warning at altera_europa_support_lib.vhd(350): used initial value expression for variable "arg_copy" because variable was never assigned a value
Warning (10542): VHDL Variable Declaration warning at altera_europa_support_lib.vhd(354): used initial value expression for variable "arg_length" because variable was never assigned a value
Info: Elaborating entity "cpu_0_nios2_oci_compute_tm_count" for hierarchy "nios_system:inst|cpu_0:the_cpu_0|cpu_0_nios2_oci:the_cpu_0_nios2_oci|cpu_0_nios2_oci_fifo:the_cpu_0_nios2_oci_fifo|cpu_0_nios2_oci_compute_tm_count:cpu_0_nios2_oci_compute_tm_count_tm_count"
Info: Elaborating entity "cpu_0_nios2_oci_fifowp_inc" for hierarchy "nios_system:inst|cpu_0:the_cpu_0|cpu_0_nios2_oci:the_cpu_0_nios2_oci|cpu_0_nios2_oci_fifo:the_cpu_0_nios2_oci_fifo|cpu_0_nios2_oci_fifowp_inc:cpu_0_nios2_oci_fifowp_inc_fifowp"
Info: Elaborating entity "cpu_0_nios2_oci_fifocount_inc" for hierarchy "nios_system:inst|cpu_0:the_cpu_0|cpu_0_nios2_oci:the_cpu_0_nios2_oci|cpu_0_nios2_oci_fifo:the_cpu_0_nios2_oci_fifo|cpu_0_nios2_oci_fifocount_inc:cpu_0_nios2_oci_fifocount_inc_fifocount"
Warning: Using design file cpu_0_oci_test_bench.vhd, which is not specified as a design file for the current project, but contains definitions for 2 design units and 1 entities in project
    Info: Found design unit 1: cpu_0_oci_test_bench-europa
    Info: Found entity 1: cpu_0_oci_test_bench
Info: Elaborating entity "cpu_0_oci_test_bench" for hierarchy "nios_system:inst|cpu_0:the_cpu_0|cpu_0_nios2_oci:the_cpu_0_nios2_oci|cpu_0_nios2_oci_fifo:the_cpu_0_nios2_oci_fifo|cpu_0_oci_test_bench:the_cpu_0_oci_test_bench"
Info: Elaborating entity "cpu_0_nios2_oci_pib" for hierarchy "nios_system:inst|cpu_0:the_cpu_0|cpu_0_nios2_oci:the_cpu_0_nios2_oci|cpu_0_nios2_oci_pib:the_cpu_0_nios2_oci_pib"
Warning (10542): VHDL Variable Declaration warning at altera_europa_support_lib.vhd(350): used initial value expression for variable "arg_copy" because variable was never assigned a value
Warning (10542): VHDL Variable Declaration warning at altera_europa_support_lib.vhd(354): used initial value expression for variable "arg_length" because variable was never assigned a value
Info: Elaborating entity "cpu_0_nios2_oci_im" for hierarchy "nios_system:inst|cpu_0:the_cpu_0|cpu_0_nios2_oci:the_cpu_0_nios2_oci|cpu_0_nios2_oci_im:the_cpu_0_nios2_oci_im"
Warning (10542): VHDL Variable Declaration warning at altera_europa_support_lib.vhd(350): used initial value expression for variable "arg_copy" because variable was never assigned a value
Warning (10542): VHDL Variable Declaration warning at altera_europa_support_lib.vhd(354): used initial value expression for variable "arg_length" because variable was never assigned a value
Warning (10296): VHDL warning at cpu_0.vhd(2790): ignored assignment of value to null range
Info: Elaborating entity "cpu_0_traceram_lpm_dram_bdp_component_module" for hierarchy "nios_system:inst|cpu_0:the_cpu_0|cpu_0_nios2_oci:the_cpu_0_nios2_oci|cpu_0_nios2_oci_im:the_cpu_0_nios2_oci_im|cpu_0_traceram_lpm_dram_bdp_component_module:cpu_0_traceram_lpm_dram_bdp_component"
Warning (10296): VHDL warning at cpu_0.vhd(2539): ignored assignment of value to null range
Warning (10296): VHDL warning at cpu_0.vhd(2615): ignored assignment of value to null range
Info: Elaborating entity "altsyncram" for hierarchy "nios_system:inst|cpu_0:the_cpu_0|cpu_0_nios2_oci:the_cpu_0_nios2_oci|cpu_0_nios2_oci_im:the_cpu_0_nios2_oci_im|cpu_0_traceram_lpm_dram_bdp_component_module:cpu_0_traceram_lpm_dram_bdp_component|altsyncram:the_altsyncram"
Info: Elaborated megafunction instantiation "nios_system:inst|cpu_0:the_cpu_0|cpu_0_nios2_oci:the_cpu_0_nios2_oci|cpu_0_nios2_oci_im:the_cpu_0_nios2_oci_im|cpu_0_traceram_lpm_dram_bdp_component_module:cpu_0_traceram_lpm_dram_bdp_component|altsyncram:the_altsyncram"
Info: Instantiated megafunction "nios_system:inst|cpu_0:the_cpu_0|cpu_0_nios2_oci:the_cpu_0_nios2_oci|cpu_0_nios2_oci_im:the_cpu_0_nios2_oci_im|cpu_0_traceram_lpm_dram_bdp_component_module:cpu_0_traceram_lpm_dram_bdp_component|altsyncram:the_altsyncram" with the following parameter:
    Info: Parameter "address_aclr_a" = "NONE"
    Info: Parameter "address_aclr_b" = "NONE"
    Info: Parameter "address_reg_b" = "CLOCK1"
    Info: Parameter "indata_aclr_a" = "NONE"
    Info: Parameter "indata_aclr_b" = "NONE"
    Info: Parameter "init_file" = ""
    Info: Parameter "intended_device_family" = "CYCLONEIVE"
    Info: Parameter "lpm_type" = "altsyncram"
    Info: Parameter "numwords_a" = "128"
    Info: Parameter "numwords_b" = "128"
    Info: Parameter "operation_mode" = "BIDIR_DUAL_PORT"
    Info: Parameter "outdata_aclr_a" = "NONE"
    Info: Parameter "outdata_aclr_b" = "NONE"
    Info: Parameter "outdata_reg_a" = "UNREGISTERED"
    Info: Parameter "outdata_reg_b" = "UNREGISTERED"
    Info: Parameter "ram_block_type" = "AUTO"
    Info: Parameter "read_during_write_mode_mixed_ports" = "OLD_DATA"
    Info: Parameter "width_a" = "36"
    Info: Parameter "width_b" = "36"
    Info: Parameter "widthad_a" = "7"
    Info: Parameter "widthad_b" = "7"
    Info: Parameter "wrcontrol_aclr_a" = "NONE"
    Info: Parameter "wrcontrol_aclr_b" = "NONE"
Info: Found 1 design units, including 1 entities, in source file db/altsyncram_0a02.tdf
    Info: Found entity 1: altsyncram_0a02
Info: Elaborating entity "altsyncram_0a02" for hierarchy "nios_system:inst|cpu_0:the_cpu_0|cpu_0_nios2_oci:the_cpu_0_nios2_oci|cpu_0_nios2_oci_im:the_cpu_0_nios2_oci_im|cpu_0_traceram_lpm_dram_bdp_component_module:cpu_0_traceram_lpm_dram_bdp_component|altsyncram:the_altsyncram|altsyncram_0a02:auto_generated"
Warning: Using design file cpu_0_jtag_debug_module_wrapper.vhd, which is not specified as a design file for the current project, but contains definitions for 2 design units and 1 entities in project
    Info: Found design unit 1: cpu_0_jtag_debug_module_wrapper-europa
    Info: Found entity 1: cpu_0_jtag_debug_module_wrapper
Info: Elaborating entity "cpu_0_jtag_debug_module_wrapper" for hierarchy "nios_system:inst|cpu_0:the_cpu_0|cpu_0_nios2_oci:the_cpu_0_nios2_oci|cpu_0_jtag_debug_module_wrapper:the_cpu_0_jtag_debug_module_wrapper"
Warning (10296): VHDL warning at cpu_0_jtag_debug_module_wrapper.vhd(310): ignored assignment of value to null range
Warning: Using design file cpu_0_jtag_debug_module_tck.vhd, which is not specified as a design file for the current project, but contains definitions for 2 design units and 1 entities in project
    Info: Found design unit 1: cpu_0_jtag_debug_module_tck-europa
    Info: Found entity 1: cpu_0_jtag_debug_module_tck
Info: Elaborating entity "cpu_0_jtag_debug_module_tck" for hierarchy "nios_system:inst|cpu_0:the_cpu_0|cpu_0_nios2_oci:the_cpu_0_nios2_oci|cpu_0_jtag_debug_module_wrapper:the_cpu_0_jtag_debug_module_wrapper|cpu_0_jtag_debug_module_tck:the_cpu_0_jtag_debug_module_tck"
Info: Elaborating entity "altera_std_synchronizer" for hierarchy "nios_system:inst|cpu_0:the_cpu_0|cpu_0_nios2_oci:the_cpu_0_nios2_oci|cpu_0_jtag_debug_module_wrapper:the_cpu_0_jtag_debug_module_wrapper|cpu_0_jtag_debug_module_tck:the_cpu_0_jtag_debug_module_tck|altera_std_synchronizer:the_altera_std_synchronizer"
Info: Elaborated megafunction instantiation "nios_system:inst|cpu_0:the_cpu_0|cpu_0_nios2_oci:the_cpu_0_nios2_oci|cpu_0_jtag_debug_module_wrapper:the_cpu_0_jtag_debug_module_wrapper|cpu_0_jtag_debug_module_tck:the_cpu_0_jtag_debug_module_tck|altera_std_synchronizer:the_altera_std_synchronizer"
Info: Instantiated megafunction "nios_system:inst|cpu_0:the_cpu_0|cpu_0_nios2_oci:the_cpu_0_nios2_oci|cpu_0_jtag_debug_module_wrapper:the_cpu_0_jtag_debug_module_wrapper|cpu_0_jtag_debug_module_tck:the_cpu_0_jtag_debug_module_tck|altera_std_synchronizer:the_altera_std_synchronizer" with the following parameter:
    Info: Parameter "depth" = "2"
Warning: Using design file cpu_0_jtag_debug_module_sysclk.vhd, which is not specified as a design file for the current project, but contains definitions for 2 design units and 1 entities in project
    Info: Found design unit 1: cpu_0_jtag_debug_module_sysclk-europa
    Info: Found entity 1: cpu_0_jtag_debug_module_sysclk
Info: Elaborating entity "cpu_0_jtag_debug_module_sysclk" for hierarchy "nios_system:inst|cpu_0:the_cpu_0|cpu_0_nios2_oci:the_cpu_0_nios2_oci|cpu_0_jtag_debug_module_wrapper:the_cpu_0_jtag_debug_module_wrapper|cpu_0_jtag_debug_module_sysclk:the_cpu_0_jtag_debug_module_sysclk"
Info: Elaborating entity "sld_virtual_jtag_basic" for hierarchy "nios_system:inst|cpu_0:the_cpu_0|cpu_0_nios2_oci:the_cpu_0_nios2_oci|cpu_0_jtag_debug_module_wrapper:the_cpu_0_jtag_debug_module_wrapper|sld_virtual_jtag_basic:cpu_0_jtag_debug_module_phy"
Info: Elaborated megafunction instantiation "nios_system:inst|cpu_0:the_cpu_0|cpu_0_nios2_oci:the_cpu_0_nios2_oci|cpu_0_jtag_debug_module_wrapper:the_cpu_0_jtag_debug_module_wrapper|sld_virtual_jtag_basic:cpu_0_jtag_debug_module_phy"
Info: Instantiated megafunction "nios_system:inst|cpu_0:the_cpu_0|cpu_0_nios2_oci:the_cpu_0_nios2_oci|cpu_0_jtag_debug_module_wrapper:the_cpu_0_jtag_debug_module_wrapper|sld_virtual_jtag_basic:cpu_0_jtag_debug_module_phy" with the following parameter:
    Info: Parameter "sld_auto_instance_index" = "YES"
    Info: Parameter "sld_instance_index" = "1"
    Info: Parameter "sld_ir_width" = "2"
    Info: Parameter "sld_mfg_id" = "70"
    Info: Parameter "sld_sim_action" = ""
    Info: Parameter "sld_sim_n_scan" = "0"
    Info: Parameter "sld_sim_total_length" = "0"
    Info: Parameter "sld_type_id" = "34"
    Info: Parameter "sld_version" = "3"
Info: Elaborating entity "sld_virtual_jtag_impl" for hierarchy "nios_system:inst|cpu_0:the_cpu_0|cpu_0_nios2_oci:the_cpu_0_nios2_oci|cpu_0_jtag_debug_module_wrapper:the_cpu_0_jtag_debug_module_wrapper|sld_virtual_jtag_basic:cpu_0_jtag_debug_module_phy|sld_virtual_jtag_impl:sld_virtual_jtag_impl_inst"
Info: Elaborated megafunction instantiation "nios_system:inst|cpu_0:the_cpu_0|cpu_0_nios2_oci:the_cpu_0_nios2_oci|cpu_0_jtag_debug_module_wrapper:the_cpu_0_jtag_debug_module_wrapper|sld_virtual_jtag_basic:cpu_0_jtag_debug_module_phy|sld_virtual_jtag_impl:sld_virtual_jtag_impl_inst", which is child of megafunction instantiation "nios_system:inst|cpu_0:the_cpu_0|cpu_0_nios2_oci:the_cpu_0_nios2_oci|cpu_0_jtag_debug_module_wrapper:the_cpu_0_jtag_debug_module_wrapper|sld_virtual_jtag_basic:cpu_0_jtag_debug_module_phy"
Info: Elaborating entity "jtag_uart_0_avalon_jtag_slave_arbitrator" for hierarchy "nios_system:inst|jtag_uart_0_avalon_jtag_slave_arbitrator:the_jtag_uart_0_avalon_jtag_slave"
Warning (10541): VHDL Signal Declaration warning at nios_system.vhd(1400): used implicit default value for signal "cpu_0_data_master_read_data_valid_jtag_uart_0_avalon_jtag_slave" because signal was never assigned a value or an explicit default value. Use of implicit default value may introduce unintended design optimizations.
Warning: Using design file jtag_uart_0.vhd, which is not specified as a design file for the current project, but contains definitions for 14 design units and 7 entities in project
    Info: Found design unit 1: jtag_uart_0_log_module-europa
    Info: Found design unit 2: jtag_uart_0_sim_scfifo_w-europa
    Info: Found design unit 3: jtag_uart_0_scfifo_w-europa
    Info: Found design unit 4: jtag_uart_0_drom_module-europa
    Info: Found design unit 5: jtag_uart_0_sim_scfifo_r-europa
    Info: Found design unit 6: jtag_uart_0_scfifo_r-europa
    Info: Found design unit 7: jtag_uart_0-europa
    Info: Found entity 1: jtag_uart_0_log_module
    Info: Found entity 2: jtag_uart_0_sim_scfifo_w
    Info: Found entity 3: jtag_uart_0_scfifo_w
    Info: Found entity 4: jtag_uart_0_drom_module
    Info: Found entity 5: jtag_uart_0_sim_scfifo_r
    Info: Found entity 6: jtag_uart_0_scfifo_r
    Info: Found entity 7: jtag_uart_0
Info: Elaborating entity "jtag_uart_0" for hierarchy "nios_system:inst|jtag_uart_0:the_jtag_uart_0"
Warning (10542): VHDL Variable Declaration warning at altera_europa_support_lib.vhd(350): used initial value expression for variable "arg_copy" because variable was never assigned a value
Warning (10542): VHDL Variable Declaration warning at altera_europa_support_lib.vhd(354): used initial value expression for variable "arg_length" because variable was never assigned a value
Info: Elaborating entity "jtag_uart_0_scfifo_w" for hierarchy "nios_system:inst|jtag_uart_0:the_jtag_uart_0|jtag_uart_0_scfifo_w:the_jtag_uart_0_scfifo_w"
Info: Elaborating entity "scfifo" for hierarchy "nios_system:inst|jtag_uart_0:the_jtag_uart_0|jtag_uart_0_scfifo_w:the_jtag_uart_0_scfifo_w|scfifo:wfifo"
Info: Elaborated megafunction instantiation "nios_system:inst|jtag_uart_0:the_jtag_uart_0|jtag_uart_0_scfifo_w:the_jtag_uart_0_scfifo_w|scfifo:wfifo"
Info: Instantiated megafunction "nios_system:inst|jtag_uart_0:the_jtag_uart_0|jtag_uart_0_scfifo_w:the_jtag_uart_0_scfifo_w|scfifo:wfifo" with the following parameter:
    Info: Parameter "lpm_hint" = "RAM_BLOCK_TYPE=AUTO"
    Info: Parameter "lpm_numwords" = "64"
    Info: Parameter "lpm_showahead" = "OFF"
    Info: Parameter "lpm_type" = "scfifo"
    Info: Parameter "lpm_width" = "8"
    Info: Parameter "lpm_widthu" = "6"
    Info: Parameter "overflow_checking" = "OFF"
    Info: Parameter "underflow_checking" = "OFF"
    Info: Parameter "use_eab" = "ON"
Info: Found 1 design units, including 1 entities, in source file db/scfifo_jr21.tdf
    Info: Found entity 1: scfifo_jr21
Info: Elaborating entity "scfifo_jr21" for hierarchy "nios_system:inst|jtag_uart_0:the_jtag_uart_0|jtag_uart_0_scfifo_w:the_jtag_uart_0_scfifo_w|scfifo:wfifo|scfifo_jr21:auto_generated"
Info: Found 1 design units, including 1 entities, in source file db/a_dpfifo_q131.tdf
    Info: Found entity 1: a_dpfifo_q131
Info: Elaborating entity "a_dpfifo_q131" for hierarchy "nios_system:inst|jtag_uart_0:the_jtag_uart_0|jtag_uart_0_scfifo_w:the_jtag_uart_0_scfifo_w|scfifo:wfifo|scfifo_jr21:auto_generated|a_dpfifo_q131:dpfifo"
Info: Found 1 design units, including 1 entities, in source file db/a_fefifo_7cf.tdf
    Info: Found entity 1: a_fefifo_7cf
Info: Elaborating entity "a_fefifo_7cf" for hierarchy "nios_system:inst|jtag_uart_0:the_jtag_uart_0|jtag_uart_0_scfifo_w:the_jtag_uart_0_scfifo_w|scfifo:wfifo|scfifo_jr21:auto_generated|a_dpfifo_q131:dpfifo|a_fefifo_7cf:fifo_state"
Info: Found 1 design units, including 1 entities, in source file db/cntr_do7.tdf
    Info: Found entity 1: cntr_do7
Info: Elaborating entity "cntr_do7" for hierarchy "nios_system:inst|jtag_uart_0:the_jtag_uart_0|jtag_uart_0_scfifo_w:the_jtag_uart_0_scfifo_w|scfifo:wfifo|scfifo_jr21:auto_generated|a_dpfifo_q131:dpfifo|a_fefifo_7cf:fifo_state|cntr_do7:count_usedw"
Info: Found 1 design units, including 1 entities, in source file db/dpram_nl21.tdf
    Info: Found entity 1: dpram_nl21
Info: Elaborating entity "dpram_nl21" for hierarchy "nios_system:inst|jtag_uart_0:the_jtag_uart_0|jtag_uart_0_scfifo_w:the_jtag_uart_0_scfifo_w|scfifo:wfifo|scfifo_jr21:auto_generated|a_dpfifo_q131:dpfifo|dpram_nl21:FIFOram"
Info: Found 1 design units, including 1 entities, in source file db/altsyncram_r1m1.tdf
    Info: Found entity 1: altsyncram_r1m1
Info: Elaborating entity "altsyncram_r1m1" for hierarchy "nios_system:inst|jtag_uart_0:the_jtag_uart_0|jtag_uart_0_scfifo_w:the_jtag_uart_0_scfifo_w|scfifo:wfifo|scfifo_jr21:auto_generated|a_dpfifo_q131:dpfifo|dpram_nl21:FIFOram|altsyncram_r1m1:altsyncram1"
Info: Found 1 design units, including 1 entities, in source file db/cntr_1ob.tdf
    Info: Found entity 1: cntr_1ob
Info: Elaborating entity "cntr_1ob" for hierarchy "nios_system:inst|jtag_uart_0:the_jtag_uart_0|jtag_uart_0_scfifo_w:the_jtag_uart_0_scfifo_w|scfifo:wfifo|scfifo_jr21:auto_generated|a_dpfifo_q131:dpfifo|cntr_1ob:rd_ptr_count"
Info: Elaborating entity "jtag_uart_0_scfifo_r" for hierarchy "nios_system:inst|jtag_uart_0:the_jtag_uart_0|jtag_uart_0_scfifo_r:the_jtag_uart_0_scfifo_r"
Info: Elaborating entity "alt_jtag_atlantic" for hierarchy "nios_system:inst|jtag_uart_0:the_jtag_uart_0|alt_jtag_atlantic:jtag_uart_0_alt_jtag_atlantic"
Info: Elaborated megafunction instantiation "nios_system:inst|jtag_uart_0:the_jtag_uart_0|alt_jtag_atlantic:jtag_uart_0_alt_jtag_atlantic"
Info: Instantiated megafunction "nios_system:inst|jtag_uart_0:the_jtag_uart_0|alt_jtag_atlantic:jtag_uart_0_alt_jtag_atlantic" with the following parameter:
    Info: Parameter "INSTANCE_ID" = "1"
    Info: Parameter "LOG2_RXFIFO_DEPTH" = "6"
    Info: Parameter "LOG2_TXFIFO_DEPTH" = "6"
    Info: Parameter "SLD_AUTO_INSTANCE_INDEX" = "YES"
Info: Elaborating entity "onchip_memory2_0_s1_arbitrator" for hierarchy "nios_system:inst|onchip_memory2_0_s1_arbitrator:the_onchip_memory2_0_s1"
Warning (10542): VHDL Variable Declaration warning at altera_europa_support_lib.vhd(350): used initial value expression for variable "arg_copy" because variable was never assigned a value
Warning (10542): VHDL Variable Declaration warning at altera_europa_support_lib.vhd(354): used initial value expression for variable "arg_length" because variable was never assigned a value
Warning: Using design file onchip_memory2_0.vhd, which is not specified as a design file for the current project, but contains definitions for 2 design units and 1 entities in project
    Info: Found design unit 1: onchip_memory2_0-europa
    Info: Found entity 1: onchip_memory2_0
Info: Elaborating entity "onchip_memory2_0" for hierarchy "nios_system:inst|onchip_memory2_0:the_onchip_memory2_0"
Info: Elaborating entity "altsyncram" for hierarchy "nios_system:inst|onchip_memory2_0:the_onchip_memory2_0|altsyncram:the_altsyncram"
Info: Elaborated megafunction instantiation "nios_system:inst|onchip_memory2_0:the_onchip_memory2_0|altsyncram:the_altsyncram"
Info: Instantiated megafunction "nios_system:inst|onchip_memory2_0:the_onchip_memory2_0|altsyncram:the_altsyncram" with the following parameter:
    Info: Parameter "byte_size" = "8"
    Info: Parameter "init_file" = "onchip_memory2_0.hex"
    Info: Parameter "lpm_type" = "altsyncram"
    Info: Parameter "maximum_depth" = "4000"
    Info: Parameter "numwords_a" = "4000"
    Info: Parameter "operation_mode" = "SINGLE_PORT"
    Info: Parameter "outdata_reg_a" = "UNREGISTERED"
    Info: Parameter "ram_block_type" = "AUTO"
    Info: Parameter "read_during_write_mode_mixed_ports" = "DONT_CARE"
    Info: Parameter "width_a" = "32"
    Info: Parameter "width_byteena_a" = "4"
    Info: Parameter "widthad_a" = "12"
Info: Found 1 design units, including 1 entities, in source file db/altsyncram_t7c1.tdf
    Info: Found entity 1: altsyncram_t7c1
Info: Elaborating entity "altsyncram_t7c1" for hierarchy "nios_system:inst|onchip_memory2_0:the_onchip_memory2_0|altsyncram:the_altsyncram|altsyncram_t7c1:auto_generated"
Info: Elaborating entity "nios_system_reset_clk_0_domain_synch_module" for hierarchy "nios_system:inst|nios_system_reset_clk_0_domain_synch_module:nios_system_reset_clk_0_domain_synch"
Error: Node instance "pwm_0" instantiates undefined entity "PWM" File: C:/Users/Etudiant/Documents/BE_CHARRAT_MOATASSIM/BE/Boutton+leds/PWM_0.vhd Line: 39
Error: Quartus II Analysis & Synthesis was unsuccessful. 1 error, 54 warnings
    Error: Peak virtual memory: 311 megabytes
    Error: Processing ended: Tue Nov 23 08:21:31 2021
    Error: Elapsed time: 00:00:06
    Error: Total CPU time (on all processors): 00:00:03


