Classic Timing Analyzer report for Compteur
Tue Sep 21 11:05:10 2021
Quartus II Version 9.0 Build 235 06/17/2009 Service Pack 2 SJ Web Edition


---------------------
; Table of Contents ;
---------------------
  1. Legal Notice
  2. Timing Analyzer Summary
  3. Timing Analyzer Settings
  4. Clock Settings Summary
  5. Parallel Compilation
  6. Clock Setup: 'clk'
  7. tsu
  8. tco
  9. th
 10. Timing Analyzer Messages



----------------
; Legal Notice ;
----------------
Copyright (C) 1991-2009 Altera Corporation
Your use of Altera Corporation's design tools, logic functions 
and other software and tools, and its AMPP partner logic 
functions, and any output files from any of the foregoing 
(including device programming or simulation files), and any 
associated documentation or information are expressly subject 
to the terms and conditions of the Altera Program License 
Subscription Agreement, Altera MegaCore Function License 
Agreement, or other applicable license agreement, including, 
without limitation, that your use is for the sole purpose of 
programming logic devices manufactured by Altera and sold by 
Altera or its authorized distributors.  Please refer to the 
applicable agreement for further details.



+--------------------------------------------------------------------------------------------------------------------------------------------------------------------------+
; Timing Analyzer Summary                                                                                                                                                  ;
+------------------------------+-------+---------------+------------------------------------------------+-------------+-------------+------------+----------+--------------+
; Type                         ; Slack ; Required Time ; Actual Time                                    ; From        ; To          ; From Clock ; To Clock ; Failed Paths ;
+------------------------------+-------+---------------+------------------------------------------------+-------------+-------------+------------+----------+--------------+
; Worst-case tsu               ; N/A   ; None          ; 1.167 ns                                       ; in_freq     ; compteur[7] ; --         ; clk      ; 0            ;
; Worst-case tco               ; N/A   ; None          ; 8.883 ns                                       ; compteur[0] ; q[0]        ; clk        ; --       ; 0            ;
; Worst-case th                ; N/A   ; None          ; -0.032 ns                                      ; raz         ; compteur[7] ; --         ; clk      ; 0            ;
; Clock Setup: 'clk'           ; N/A   ; None          ; Restricted to 420.17 MHz ( period = 2.380 ns ) ; compteur[0] ; compteur[7] ; clk        ; clk      ; 0            ;
; Total number of failed paths ;       ;               ;                                                ;             ;             ;            ;          ; 0            ;
+------------------------------+-------+---------------+------------------------------------------------+-------------+-------------+------------+----------+--------------+


+--------------------------------------------------------------------------------------------------------------------+
; Timing Analyzer Settings                                                                                           ;
+---------------------------------------------------------------------+--------------------+------+----+-------------+
; Option                                                              ; Setting            ; From ; To ; Entity Name ;
+---------------------------------------------------------------------+--------------------+------+----+-------------+
; Device Name                                                         ; EP2C35F672C6       ;      ;    ;             ;
; Timing Models                                                       ; Final              ;      ;    ;             ;
; Default hold multicycle                                             ; Same as Multicycle ;      ;    ;             ;
; Cut paths between unrelated clock domains                           ; On                 ;      ;    ;             ;
; Cut off read during write signal paths                              ; On                 ;      ;    ;             ;
; Cut off feedback from I/O pins                                      ; On                 ;      ;    ;             ;
; Report Combined Fast/Slow Timing                                    ; Off                ;      ;    ;             ;
; Ignore Clock Settings                                               ; Off                ;      ;    ;             ;
; Analyze latches as synchronous elements                             ; On                 ;      ;    ;             ;
; Enable Recovery/Removal analysis                                    ; Off                ;      ;    ;             ;
; Enable Clock Latency                                                ; Off                ;      ;    ;             ;
; Use TimeQuest Timing Analyzer                                       ; Off                ;      ;    ;             ;
; Minimum Core Junction Temperature                                   ; 0                  ;      ;    ;             ;
; Maximum Core Junction Temperature                                   ; 85                 ;      ;    ;             ;
; Number of source nodes to report per destination node               ; 10                 ;      ;    ;             ;
; Number of destination nodes to report                               ; 10                 ;      ;    ;             ;
; Number of paths to report                                           ; 200                ;      ;    ;             ;
; Report Minimum Timing Checks                                        ; Off                ;      ;    ;             ;
; Use Fast Timing Models                                              ; Off                ;      ;    ;             ;
; Report IO Paths Separately                                          ; Off                ;      ;    ;             ;
; Perform Multicorner Analysis                                        ; On                 ;      ;    ;             ;
; Reports the worst-case path for each clock domain and analysis      ; Off                ;      ;    ;             ;
; Removes common clock path pessimism (CCPP) during slack computation ; Off                ;      ;    ;             ;
; Output I/O Timing Endpoint                                          ; Near End           ;      ;    ;             ;
+---------------------------------------------------------------------+--------------------+------+----+-------------+


+------------------------------------------------------------------------------------------------------------------------------------------------------------------------------------+
; Clock Settings Summary                                                                                                                                                             ;
+-----------------+--------------------+----------+------------------+---------------+--------------+----------+-----------------------+---------------------+--------+--------------+
; Clock Node Name ; Clock Setting Name ; Type     ; Fmax Requirement ; Early Latency ; Late Latency ; Based on ; Multiply Base Fmax by ; Divide Base Fmax by ; Offset ; Phase offset ;
+-----------------+--------------------+----------+------------------+---------------+--------------+----------+-----------------------+---------------------+--------+--------------+
; clk             ;                    ; User Pin ; None             ; 0.000 ns      ; 0.000 ns     ; --       ; N/A                   ; N/A                 ; N/A    ;              ;
+-----------------+--------------------+----------+------------------+---------------+--------------+----------+-----------------------+---------------------+--------+--------------+


Parallel compilation was disabled, but you have multiple processors available. Enable parallel compilation to reduce compilation time.
+-------------------------------------+
; Parallel Compilation                ;
+----------------------------+--------+
; Processors                 ; Number ;
+----------------------------+--------+
; Number detected on machine ; 4      ;
; Maximum allowed            ; 1      ;
+----------------------------+--------+


+------------------------------------------------------------------------------------------------------------------------------------------------------------------------------------------------+
; Clock Setup: 'clk'                                                                                                                                                                             ;
+-------+------------------------------------------------+-------------+-------------+------------+----------+-----------------------------+---------------------------+-------------------------+
; Slack ; Actual fmax (period)                           ; From        ; To          ; From Clock ; To Clock ; Required Setup Relationship ; Required Longest P2P Time ; Actual Longest P2P Time ;
+-------+------------------------------------------------+-------------+-------------+------------+----------+-----------------------------+---------------------------+-------------------------+
; N/A   ; Restricted to 420.17 MHz ( period = 2.380 ns ) ; compteur[0] ; compteur[7] ; clk        ; clk      ; None                        ; None                      ; 1.715 ns                ;
; N/A   ; Restricted to 420.17 MHz ( period = 2.380 ns ) ; compteur[1] ; compteur[7] ; clk        ; clk      ; None                        ; None                      ; 1.680 ns                ;
; N/A   ; Restricted to 420.17 MHz ( period = 2.380 ns ) ; compteur[0] ; compteur[6] ; clk        ; clk      ; None                        ; None                      ; 1.644 ns                ;
; N/A   ; Restricted to 420.17 MHz ( period = 2.380 ns ) ; compteur[1] ; compteur[6] ; clk        ; clk      ; None                        ; None                      ; 1.609 ns                ;
; N/A   ; Restricted to 420.17 MHz ( period = 2.380 ns ) ; compteur[2] ; compteur[7] ; clk        ; clk      ; None                        ; None                      ; 1.609 ns                ;
; N/A   ; Restricted to 420.17 MHz ( period = 2.380 ns ) ; compteur[0] ; compteur[5] ; clk        ; clk      ; None                        ; None                      ; 1.573 ns                ;
; N/A   ; Restricted to 420.17 MHz ( period = 2.380 ns ) ; compteur[1] ; compteur[5] ; clk        ; clk      ; None                        ; None                      ; 1.538 ns                ;
; N/A   ; Restricted to 420.17 MHz ( period = 2.380 ns ) ; compteur[2] ; compteur[6] ; clk        ; clk      ; None                        ; None                      ; 1.538 ns                ;
; N/A   ; Restricted to 420.17 MHz ( period = 2.380 ns ) ; compteur[3] ; compteur[7] ; clk        ; clk      ; None                        ; None                      ; 1.506 ns                ;
; N/A   ; Restricted to 420.17 MHz ( period = 2.380 ns ) ; compteur[0] ; compteur[4] ; clk        ; clk      ; None                        ; None                      ; 1.502 ns                ;
; N/A   ; Restricted to 420.17 MHz ( period = 2.380 ns ) ; compteur[1] ; compteur[4] ; clk        ; clk      ; None                        ; None                      ; 1.467 ns                ;
; N/A   ; Restricted to 420.17 MHz ( period = 2.380 ns ) ; compteur[2] ; compteur[5] ; clk        ; clk      ; None                        ; None                      ; 1.467 ns                ;
; N/A   ; Restricted to 420.17 MHz ( period = 2.380 ns ) ; compteur[3] ; compteur[6] ; clk        ; clk      ; None                        ; None                      ; 1.435 ns                ;
; N/A   ; Restricted to 420.17 MHz ( period = 2.380 ns ) ; compteur[2] ; compteur[4] ; clk        ; clk      ; None                        ; None                      ; 1.396 ns                ;
; N/A   ; Restricted to 420.17 MHz ( period = 2.380 ns ) ; compteur[4] ; compteur[7] ; clk        ; clk      ; None                        ; None                      ; 1.379 ns                ;
; N/A   ; Restricted to 420.17 MHz ( period = 2.380 ns ) ; compteur[3] ; compteur[5] ; clk        ; clk      ; None                        ; None                      ; 1.364 ns                ;
; N/A   ; Restricted to 420.17 MHz ( period = 2.380 ns ) ; compteur[0] ; compteur[3] ; clk        ; clk      ; None                        ; None                      ; 1.343 ns                ;
; N/A   ; Restricted to 420.17 MHz ( period = 2.380 ns ) ; compteur[1] ; compteur[3] ; clk        ; clk      ; None                        ; None                      ; 1.308 ns                ;
; N/A   ; Restricted to 420.17 MHz ( period = 2.380 ns ) ; compteur[4] ; compteur[6] ; clk        ; clk      ; None                        ; None                      ; 1.308 ns                ;
; N/A   ; Restricted to 420.17 MHz ( period = 2.380 ns ) ; compteur[3] ; compteur[4] ; clk        ; clk      ; None                        ; None                      ; 1.293 ns                ;
; N/A   ; Restricted to 420.17 MHz ( period = 2.380 ns ) ; compteur[0] ; compteur[2] ; clk        ; clk      ; None                        ; None                      ; 1.272 ns                ;
; N/A   ; Restricted to 420.17 MHz ( period = 2.380 ns ) ; compteur[5] ; compteur[7] ; clk        ; clk      ; None                        ; None                      ; 1.271 ns                ;
; N/A   ; Restricted to 420.17 MHz ( period = 2.380 ns ) ; compteur[1] ; compteur[2] ; clk        ; clk      ; None                        ; None                      ; 1.237 ns                ;
; N/A   ; Restricted to 420.17 MHz ( period = 2.380 ns ) ; compteur[2] ; compteur[3] ; clk        ; clk      ; None                        ; None                      ; 1.237 ns                ;
; N/A   ; Restricted to 420.17 MHz ( period = 2.380 ns ) ; compteur[4] ; compteur[5] ; clk        ; clk      ; None                        ; None                      ; 1.237 ns                ;
; N/A   ; Restricted to 420.17 MHz ( period = 2.380 ns ) ; compteur[6] ; compteur[7] ; clk        ; clk      ; None                        ; None                      ; 1.237 ns                ;
; N/A   ; Restricted to 420.17 MHz ( period = 2.380 ns ) ; compteur[0] ; compteur[1] ; clk        ; clk      ; None                        ; None                      ; 1.201 ns                ;
; N/A   ; Restricted to 420.17 MHz ( period = 2.380 ns ) ; compteur[5] ; compteur[6] ; clk        ; clk      ; None                        ; None                      ; 1.200 ns                ;
; N/A   ; Restricted to 420.17 MHz ( period = 2.380 ns ) ; compteur[1] ; compteur[1] ; clk        ; clk      ; None                        ; None                      ; 0.851 ns                ;
; N/A   ; Restricted to 420.17 MHz ( period = 2.380 ns ) ; compteur[2] ; compteur[2] ; clk        ; clk      ; None                        ; None                      ; 0.851 ns                ;
; N/A   ; Restricted to 420.17 MHz ( period = 2.380 ns ) ; compteur[4] ; compteur[4] ; clk        ; clk      ; None                        ; None                      ; 0.851 ns                ;
; N/A   ; Restricted to 420.17 MHz ( period = 2.380 ns ) ; compteur[6] ; compteur[6] ; clk        ; clk      ; None                        ; None                      ; 0.851 ns                ;
; N/A   ; Restricted to 420.17 MHz ( period = 2.380 ns ) ; compteur[0] ; compteur[0] ; clk        ; clk      ; None                        ; None                      ; 0.818 ns                ;
; N/A   ; Restricted to 420.17 MHz ( period = 2.380 ns ) ; compteur[3] ; compteur[3] ; clk        ; clk      ; None                        ; None                      ; 0.818 ns                ;
; N/A   ; Restricted to 420.17 MHz ( period = 2.380 ns ) ; compteur[5] ; compteur[5] ; clk        ; clk      ; None                        ; None                      ; 0.817 ns                ;
; N/A   ; Restricted to 420.17 MHz ( period = 2.380 ns ) ; compteur[7] ; compteur[7] ; clk        ; clk      ; None                        ; None                      ; 0.542 ns                ;
+-------+------------------------------------------------+-------------+-------------+------------+----------+-----------------------------+---------------------------+-------------------------+


+----------------------------------------------------------------------+
; tsu                                                                  ;
+-------+--------------+------------+---------+-------------+----------+
; Slack ; Required tsu ; Actual tsu ; From    ; To          ; To Clock ;
+-------+--------------+------------+---------+-------------+----------+
; N/A   ; None         ; 1.167 ns   ; in_freq ; compteur[7] ; clk      ;
; N/A   ; None         ; 1.096 ns   ; in_freq ; compteur[6] ; clk      ;
; N/A   ; None         ; 1.025 ns   ; in_freq ; compteur[5] ; clk      ;
; N/A   ; None         ; 0.954 ns   ; in_freq ; compteur[4] ; clk      ;
; N/A   ; None         ; 0.795 ns   ; in_freq ; compteur[3] ; clk      ;
; N/A   ; None         ; 0.724 ns   ; in_freq ; compteur[2] ; clk      ;
; N/A   ; None         ; 0.653 ns   ; in_freq ; compteur[1] ; clk      ;
; N/A   ; None         ; 0.266 ns   ; in_freq ; compteur[0] ; clk      ;
; N/A   ; None         ; 0.262 ns   ; raz     ; compteur[0] ; clk      ;
; N/A   ; None         ; 0.262 ns   ; raz     ; compteur[1] ; clk      ;
; N/A   ; None         ; 0.262 ns   ; raz     ; compteur[2] ; clk      ;
; N/A   ; None         ; 0.262 ns   ; raz     ; compteur[3] ; clk      ;
; N/A   ; None         ; 0.262 ns   ; raz     ; compteur[4] ; clk      ;
; N/A   ; None         ; 0.262 ns   ; raz     ; compteur[5] ; clk      ;
; N/A   ; None         ; 0.262 ns   ; raz     ; compteur[6] ; clk      ;
; N/A   ; None         ; 0.262 ns   ; raz     ; compteur[7] ; clk      ;
+-------+--------------+------------+---------+-------------+----------+


+---------------------------------------------------------------------+
; tco                                                                 ;
+-------+--------------+------------+-------------+------+------------+
; Slack ; Required tco ; Actual tco ; From        ; To   ; From Clock ;
+-------+--------------+------------+-------------+------+------------+
; N/A   ; None         ; 8.883 ns   ; compteur[0] ; q[0] ; clk        ;
; N/A   ; None         ; 8.760 ns   ; compteur[3] ; q[3] ; clk        ;
; N/A   ; None         ; 8.752 ns   ; compteur[4] ; q[4] ; clk        ;
; N/A   ; None         ; 8.600 ns   ; compteur[2] ; q[2] ; clk        ;
; N/A   ; None         ; 6.683 ns   ; compteur[7] ; q[7] ; clk        ;
; N/A   ; None         ; 6.676 ns   ; compteur[5] ; q[5] ; clk        ;
; N/A   ; None         ; 6.652 ns   ; compteur[6] ; q[6] ; clk        ;
; N/A   ; None         ; 6.648 ns   ; compteur[1] ; q[1] ; clk        ;
+-------+--------------+------------+-------------+------+------------+


+----------------------------------------------------------------------------+
; th                                                                         ;
+---------------+-------------+-----------+---------+-------------+----------+
; Minimum Slack ; Required th ; Actual th ; From    ; To          ; To Clock ;
+---------------+-------------+-----------+---------+-------------+----------+
; N/A           ; None        ; -0.032 ns ; raz     ; compteur[0] ; clk      ;
; N/A           ; None        ; -0.032 ns ; raz     ; compteur[1] ; clk      ;
; N/A           ; None        ; -0.032 ns ; raz     ; compteur[2] ; clk      ;
; N/A           ; None        ; -0.032 ns ; raz     ; compteur[3] ; clk      ;
; N/A           ; None        ; -0.032 ns ; raz     ; compteur[4] ; clk      ;
; N/A           ; None        ; -0.032 ns ; raz     ; compteur[5] ; clk      ;
; N/A           ; None        ; -0.032 ns ; raz     ; compteur[6] ; clk      ;
; N/A           ; None        ; -0.032 ns ; raz     ; compteur[7] ; clk      ;
; N/A           ; None        ; -0.036 ns ; in_freq ; compteur[0] ; clk      ;
; N/A           ; None        ; -0.423 ns ; in_freq ; compteur[1] ; clk      ;
; N/A           ; None        ; -0.494 ns ; in_freq ; compteur[2] ; clk      ;
; N/A           ; None        ; -0.565 ns ; in_freq ; compteur[3] ; clk      ;
; N/A           ; None        ; -0.724 ns ; in_freq ; compteur[4] ; clk      ;
; N/A           ; None        ; -0.795 ns ; in_freq ; compteur[5] ; clk      ;
; N/A           ; None        ; -0.866 ns ; in_freq ; compteur[6] ; clk      ;
; N/A           ; None        ; -0.937 ns ; in_freq ; compteur[7] ; clk      ;
+---------------+-------------+-----------+---------+-------------+----------+


+--------------------------+
; Timing Analyzer Messages ;
+--------------------------+
Info: *******************************************************************
Info: Running Quartus II Classic Timing Analyzer
    Info: Version 9.0 Build 235 06/17/2009 Service Pack 2 SJ Web Edition
    Info: Processing started: Tue Sep 21 11:05:09 2021
Info: Command: quartus_tan --read_settings_files=off --write_settings_files=off Compteur -c Compteur --timing_analysis_only
Warning: Found pins functioning as undefined clocks and/or memory enables
    Info: Assuming node "clk" is an undefined clock
Info: Clock "clk" Internal fmax is restricted to 420.17 MHz between source register "compteur[0]" and destination register "compteur[7]"
    Info: fmax restricted to clock pin edge rate 2.38 ns. Expand message to see actual delay path.
        Info: + Longest register to register delay is 1.715 ns
            Info: 1: + IC(0.000 ns) + CELL(0.000 ns) = 0.000 ns; Loc. = LCFF_X19_Y30_N9; Fanout = 3; REG Node = 'compteur[0]'
            Info: 2: + IC(0.314 ns) + CELL(0.393 ns) = 0.707 ns; Loc. = LCCOMB_X19_Y30_N8; Fanout = 2; COMB Node = 'compteur[0]~25'
            Info: 3: + IC(0.000 ns) + CELL(0.071 ns) = 0.778 ns; Loc. = LCCOMB_X19_Y30_N10; Fanout = 2; COMB Node = 'compteur[1]~27'
            Info: 4: + IC(0.000 ns) + CELL(0.071 ns) = 0.849 ns; Loc. = LCCOMB_X19_Y30_N12; Fanout = 2; COMB Node = 'compteur[2]~29'
            Info: 5: + IC(0.000 ns) + CELL(0.159 ns) = 1.008 ns; Loc. = LCCOMB_X19_Y30_N14; Fanout = 2; COMB Node = 'compteur[3]~31'
            Info: 6: + IC(0.000 ns) + CELL(0.071 ns) = 1.079 ns; Loc. = LCCOMB_X19_Y30_N16; Fanout = 2; COMB Node = 'compteur[4]~33'
            Info: 7: + IC(0.000 ns) + CELL(0.071 ns) = 1.150 ns; Loc. = LCCOMB_X19_Y30_N18; Fanout = 2; COMB Node = 'compteur[5]~35'
            Info: 8: + IC(0.000 ns) + CELL(0.071 ns) = 1.221 ns; Loc. = LCCOMB_X19_Y30_N20; Fanout = 1; COMB Node = 'compteur[6]~37'
            Info: 9: + IC(0.000 ns) + CELL(0.410 ns) = 1.631 ns; Loc. = LCCOMB_X19_Y30_N22; Fanout = 1; COMB Node = 'compteur[7]~38'
            Info: 10: + IC(0.000 ns) + CELL(0.084 ns) = 1.715 ns; Loc. = LCFF_X19_Y30_N23; Fanout = 2; REG Node = 'compteur[7]'
            Info: Total cell delay = 1.401 ns ( 81.69 % )
            Info: Total interconnect delay = 0.314 ns ( 18.31 % )
        Info: - Smallest clock skew is 0.000 ns
            Info: + Shortest clock path from clock "clk" to destination register is 2.669 ns
                Info: 1: + IC(0.000 ns) + CELL(0.999 ns) = 0.999 ns; Loc. = PIN_P2; Fanout = 1; CLK Node = 'clk'
                Info: 2: + IC(0.118 ns) + CELL(0.000 ns) = 1.117 ns; Loc. = CLKCTRL_G3; Fanout = 8; COMB Node = 'clk~clkctrl'
                Info: 3: + IC(1.015 ns) + CELL(0.537 ns) = 2.669 ns; Loc. = LCFF_X19_Y30_N23; Fanout = 2; REG Node = 'compteur[7]'
                Info: Total cell delay = 1.536 ns ( 57.55 % )
                Info: Total interconnect delay = 1.133 ns ( 42.45 % )
            Info: - Longest clock path from clock "clk" to source register is 2.669 ns
                Info: 1: + IC(0.000 ns) + CELL(0.999 ns) = 0.999 ns; Loc. = PIN_P2; Fanout = 1; CLK Node = 'clk'
                Info: 2: + IC(0.118 ns) + CELL(0.000 ns) = 1.117 ns; Loc. = CLKCTRL_G3; Fanout = 8; COMB Node = 'clk~clkctrl'
                Info: 3: + IC(1.015 ns) + CELL(0.537 ns) = 2.669 ns; Loc. = LCFF_X19_Y30_N9; Fanout = 3; REG Node = 'compteur[0]'
                Info: Total cell delay = 1.536 ns ( 57.55 % )
                Info: Total interconnect delay = 1.133 ns ( 42.45 % )
        Info: + Micro clock to output delay of source is 0.250 ns
        Info: + Micro setup delay of destination is -0.036 ns
Info: tsu for register "compteur[7]" (data pin = "in_freq", clock pin = "clk") is 1.167 ns
    Info: + Longest pin to register delay is 3.872 ns
        Info: 1: + IC(0.000 ns) + CELL(0.979 ns) = 0.979 ns; Loc. = PIN_C13; Fanout = 2; PIN Node = 'in_freq'
        Info: 2: + IC(1.471 ns) + CELL(0.414 ns) = 2.864 ns; Loc. = LCCOMB_X19_Y30_N8; Fanout = 2; COMB Node = 'compteur[0]~25'
        Info: 3: + IC(0.000 ns) + CELL(0.071 ns) = 2.935 ns; Loc. = LCCOMB_X19_Y30_N10; Fanout = 2; COMB Node = 'compteur[1]~27'
        Info: 4: + IC(0.000 ns) + CELL(0.071 ns) = 3.006 ns; Loc. = LCCOMB_X19_Y30_N12; Fanout = 2; COMB Node = 'compteur[2]~29'
        Info: 5: + IC(0.000 ns) + CELL(0.159 ns) = 3.165 ns; Loc. = LCCOMB_X19_Y30_N14; Fanout = 2; COMB Node = 'compteur[3]~31'
        Info: 6: + IC(0.000 ns) + CELL(0.071 ns) = 3.236 ns; Loc. = LCCOMB_X19_Y30_N16; Fanout = 2; COMB Node = 'compteur[4]~33'
        Info: 7: + IC(0.000 ns) + CELL(0.071 ns) = 3.307 ns; Loc. = LCCOMB_X19_Y30_N18; Fanout = 2; COMB Node = 'compteur[5]~35'
        Info: 8: + IC(0.000 ns) + CELL(0.071 ns) = 3.378 ns; Loc. = LCCOMB_X19_Y30_N20; Fanout = 1; COMB Node = 'compteur[6]~37'
        Info: 9: + IC(0.000 ns) + CELL(0.410 ns) = 3.788 ns; Loc. = LCCOMB_X19_Y30_N22; Fanout = 1; COMB Node = 'compteur[7]~38'
        Info: 10: + IC(0.000 ns) + CELL(0.084 ns) = 3.872 ns; Loc. = LCFF_X19_Y30_N23; Fanout = 2; REG Node = 'compteur[7]'
        Info: Total cell delay = 2.401 ns ( 62.01 % )
        Info: Total interconnect delay = 1.471 ns ( 37.99 % )
    Info: + Micro setup delay of destination is -0.036 ns
    Info: - Shortest clock path from clock "clk" to destination register is 2.669 ns
        Info: 1: + IC(0.000 ns) + CELL(0.999 ns) = 0.999 ns; Loc. = PIN_P2; Fanout = 1; CLK Node = 'clk'
        Info: 2: + IC(0.118 ns) + CELL(0.000 ns) = 1.117 ns; Loc. = CLKCTRL_G3; Fanout = 8; COMB Node = 'clk~clkctrl'
        Info: 3: + IC(1.015 ns) + CELL(0.537 ns) = 2.669 ns; Loc. = LCFF_X19_Y30_N23; Fanout = 2; REG Node = 'compteur[7]'
        Info: Total cell delay = 1.536 ns ( 57.55 % )
        Info: Total interconnect delay = 1.133 ns ( 42.45 % )
Info: tco from clock "clk" to destination pin "q[0]" through register "compteur[0]" is 8.883 ns
    Info: + Longest clock path from clock "clk" to source register is 2.669 ns
        Info: 1: + IC(0.000 ns) + CELL(0.999 ns) = 0.999 ns; Loc. = PIN_P2; Fanout = 1; CLK Node = 'clk'
        Info: 2: + IC(0.118 ns) + CELL(0.000 ns) = 1.117 ns; Loc. = CLKCTRL_G3; Fanout = 8; COMB Node = 'clk~clkctrl'
        Info: 3: + IC(1.015 ns) + CELL(0.537 ns) = 2.669 ns; Loc. = LCFF_X19_Y30_N9; Fanout = 3; REG Node = 'compteur[0]'
        Info: Total cell delay = 1.536 ns ( 57.55 % )
        Info: Total interconnect delay = 1.133 ns ( 42.45 % )
    Info: + Micro clock to output delay of source is 0.250 ns
    Info: + Longest register to pin delay is 5.964 ns
        Info: 1: + IC(0.000 ns) + CELL(0.000 ns) = 0.000 ns; Loc. = LCFF_X19_Y30_N9; Fanout = 3; REG Node = 'compteur[0]'
        Info: 2: + IC(3.196 ns) + CELL(2.768 ns) = 5.964 ns; Loc. = PIN_AB10; Fanout = 0; PIN Node = 'q[0]'
        Info: Total cell delay = 2.768 ns ( 46.41 % )
        Info: Total interconnect delay = 3.196 ns ( 53.59 % )
Info: th for register "compteur[0]" (data pin = "raz", clock pin = "clk") is -0.032 ns
    Info: + Longest clock path from clock "clk" to destination register is 2.669 ns
        Info: 1: + IC(0.000 ns) + CELL(0.999 ns) = 0.999 ns; Loc. = PIN_P2; Fanout = 1; CLK Node = 'clk'
        Info: 2: + IC(0.118 ns) + CELL(0.000 ns) = 1.117 ns; Loc. = CLKCTRL_G3; Fanout = 8; COMB Node = 'clk~clkctrl'
        Info: 3: + IC(1.015 ns) + CELL(0.537 ns) = 2.669 ns; Loc. = LCFF_X19_Y30_N9; Fanout = 3; REG Node = 'compteur[0]'
        Info: Total cell delay = 1.536 ns ( 57.55 % )
        Info: Total interconnect delay = 1.133 ns ( 42.45 % )
    Info: + Micro hold delay of destination is 0.266 ns
    Info: - Shortest pin to register delay is 2.967 ns
        Info: 1: + IC(0.000 ns) + CELL(0.979 ns) = 0.979 ns; Loc. = PIN_D13; Fanout = 8; PIN Node = 'raz'
        Info: 2: + IC(1.478 ns) + CELL(0.510 ns) = 2.967 ns; Loc. = LCFF_X19_Y30_N9; Fanout = 3; REG Node = 'compteur[0]'
        Info: Total cell delay = 1.489 ns ( 50.19 % )
        Info: Total interconnect delay = 1.478 ns ( 49.81 % )
Info: Quartus II Classic Timing Analyzer was successful. 0 errors, 1 warning
    Info: Peak virtual memory: 173 megabytes
    Info: Processing ended: Tue Sep 21 11:05:10 2021
    Info: Elapsed time: 00:00:01
    Info: Total CPU time (on all processors): 00:00:00


